sample/build/outputs/logs/manifest-merger-debug-report.txt
-- Merging decision tree log ---
manifest
ADDED from src\main\AndroidManifest.xml:2:1-20:12
	package
		ADDED from src\main\AndroidManifest.xml:3:5-40
		INJECTED from src\main\AndroidManifest.xml
		INJECTED from src\main\AndroidManifest.xml
	android:versionName
		INJECTED from src\main\AndroidManifest.xml
		INJECTED from src\main\AndroidManifest.xml
	xmlns:android
		ADDED from src\main\AndroidManifest.xml:2:11-69
	android:versionCode
		INJECTED from src\main\AndroidManifest.xml
		INJECTED from src\main\AndroidManifest.xml
application
ADDED from src\main\AndroidManifest.xml:5:5-17:19
MERGED from [com.github.nguyenhoanglam:imagepicker:unspecified] AndroidManifest.xml:15:5-35:19
MERGED from [com.android.support:design:25.0.0] AndroidManifest.xml:25:5-20
MERGED from [com.android.support:appcompat-v7:25.0.0] AndroidManifest.xml:25:5-20
MERGED from [com.android.support:animated-vector-drawable:25.0.0] AndroidManifest.xml:22:5-20
MERGED from [com.android.support:support-vector-drawable:25.0.0] AndroidManifest.xml:23:5-20
MERGED from [com.android.support:transition:25.0.0] AndroidManifest.xml:22:5-20
MERGED from [com.android.support:support-v4:25.0.0] AndroidManifest.xml:25:5-20
MERGED from [com.android.support:support-fragment:25.0.0] AndroidManifest.xml:25:5-20
MERGED from [com.android.support:support-media-compat:25.0.0] AndroidManifest.xml:25:5-20
MERGED from [com.android.support:support-core-ui:25.0.0] AndroidManifest.xml:25:5-20
MERGED from [com.android.support:support-core-utils:25.0.0] AndroidManifest.xml:25:5-20
MERGED from [com.android.support:support-compat:25.0.0] AndroidManifest.xml:25:5-20
	android:label
		ADDED from src\main\AndroidManifest.xml:8:9-41
	android:supportsRtl
		ADDED from src\main\AndroidManifest.xml:9:9-35
	android:allowBackup
		ADDED from src\main\AndroidManifest.xml:6:9-35
	android:icon
		ADDED from src\main\AndroidManifest.xml:7:9-43
	android:theme
		ADDED from src\main\AndroidManifest.xml:10:9-40
activity#com.nguyenhoanglam.sample.MainActivity
ADDED from src\main\AndroidManifest.xml:11:9-16:20
	android:name
		ADDED from src\main\AndroidManifest.xml:11:19-47
intent-filter#android.intent.action.MAIN+android.intent.category.LAUNCHER
ADDED from src\main\AndroidManifest.xml:12:13-15:29
action#android.intent.action.MAIN
ADDED from src\main\AndroidManifest.xml:13:17-76
	android:name
		ADDED from src\main\AndroidManifest.xml:13:25-66
category#android.intent.category.LAUNCHER
ADDED from src\main\AndroidManifest.xml:14:17-86
	android:name
		ADDED from src\main\AndroidManifest.xml:14:27-74
uses-sdk
INJECTED from src\main\AndroidManifest.xml reason: use-sdk injection requested
MERGED from [com.github.nguyenhoanglam:imagepicker:unspecified] AndroidManifest.xml:7:5-9:41
MERGED from [com.android.support:design:25.0.0] AndroidManifest.xml:21:5-23:62
MERGED from [com.android.support:appcompat-v7:25.0.0] AndroidManifest.xml:21:5-23:78
MERGED from [com.android.support:animated-vector-drawable:25.0.0] AndroidManifest.xml:20:5-44
MERGED from [com.android.support:support-vector-drawable:25.0.0] AndroidManifest.xml:21:5-43
MERGED from [com.android.support:recyclerview-v7:25.0.0] AndroidManifest.xml:20:5-43
MERGED from [com.android.support:transition:25.0.0] AndroidManifest.xml:20:5-44
MERGED from [com.android.support:support-v4:25.0.0] AndroidManifest.xml:21:5-23:54
MERGED from [com.android.support:support-fragment:25.0.0] AndroidManifest.xml:21:5-23:60
MERGED from [com.android.support:support-media-compat:25.0.0] AndroidManifest.xml:21:5-23:63
MERGED from [com.android.support:support-core-ui:25.0.0] AndroidManifest.xml:21:5-23:58
MERGED from [com.android.support:support-core-utils:25.0.0] AndroidManifest.xml:21:5-23:61
MERGED from [com.android.support:support-compat:25.0.0] AndroidManifest.xml:21:5-23:58
	tools:overrideLibrary
		ADDED from [com.android.support:design:25.0.0] AndroidManifest.xml:23:9-59
	android:targetSdkVersion
		INJECTED from src\main\AndroidManifest.xml
		INJECTED from src\main\AndroidManifest.xml
	android:minSdkVersion
		INJECTED from src\main\AndroidManifest.xml
		INJECTED from src\main\AndroidManifest.xml
uses-permission#android.permission.READ_EXTERNAL_STORAGE
ADDED from [com.github.nguyenhoanglam:imagepicker:unspecified] AndroidManifest.xml:11:5-80
	android:name
		ADDED from [com.github.nguyenhoanglam:imagepicker:unspecified] AndroidManifest.xml:11:22-77
uses-permission#android.permission.WRITE_EXTERNAL_STORAGE
ADDED from [com.github.nguyenhoanglam:imagepicker:unspecified] AndroidManifest.xml:12:5-81
	android:name
		ADDED from [com.github.nguyenhoanglam:imagepicker:unspecified] AndroidManifest.xml:12:22-78
uses-permission#android.permission.CAMERA
ADDED from [com.github.nguyenhoanglam:imagepicker:unspecified] AndroidManifest.xml:13:5-65
	android:name
		ADDED from [com.github.nguyenhoanglam:imagepicker:unspecified] AndroidManifest.xml:13:22-62
activity#com.nguyenhoanglam.imagepicker.activity.ImagePickerActivity
ADDED from [com.github.nguyenhoanglam:imagepicker:unspecified] AndroidManifest.xml:20:9-24:55
	android:label
		ADDED from [com.github.nguyenhoanglam:imagepicker:unspecified] AndroidManifest.xml:23:13-45
	android:configChanges
		ADDED from [com.github.nguyenhoanglam:imagepicker:unspecified] AndroidManifest.xml:22:13-59
	android:theme
		ADDED from [com.github.nguyenhoanglam:imagepicker:unspecified] AndroidManifest.xml:24:13-52
	android:name
		ADDED from [com.github.nguyenhoanglam:imagepicker:unspecified] AndroidManifest.xml:21:13-87
provider#android.support.v4.content.FileProvider
ADDED from [com.github.nguyenhoanglam:imagepicker:unspecified] AndroidManifest.xml:26:9-34:20
	android:authorities
		ADDED from [com.github.nguyenhoanglam:imagepicker:unspecified] AndroidManifest.xml:28:13-60
	android:grantUriPermissions
		ADDED from [com.github.nguyenhoanglam:imagepicker:unspecified] AndroidManifest.xml:30:13-47
	android:exported
		ADDED from [com.github.nguyenhoanglam:imagepicker:unspecified] AndroidManifest.xml:29:13-37
	android:name
		ADDED from [com.github.nguyenhoanglam:imagepicker:unspecified] AndroidManifest.xml:27:13-67
meta-data#android.support.FILE_PROVIDER_PATHS
ADDED from [com.github.nguyenhoanglam:imagepicker:unspecified] AndroidManifest.xml:31:13-33:58
	android:resource
		ADDED from [com.github.nguyenhoanglam:imagepicker:unspecified] AndroidManifest.xml:33:17-55
	android:name
		ADDED from [com.github.nguyenhoanglam:imagepicker:unspecified] AndroidManifest.xml:32:17-67